<?xml version="1.0" encoding="UTF-8"?>
<!-- Generated by org.testng.reporters.JUnitReportReporter -->
<testsuite hostname="SriHarsha" failures="0" tests="1" name="com.harshainfotech.TestNGdemo1" time="0.003" errors="0" timestamp="14 May 2024 03:35:47 GMT">
  <testcase classname="com.harshainfotech.TestNGdemo1" name="m2" time="0.003"/>
</testsuite> <!-- com.harshainfotech.TestNGdemo1 -->
