<?xml version="1.0" encoding="UTF-8"?>
<!-- Generated by org.testng.reporters.JUnitReportReporter -->
<testsuite hostname="SriHarsha" failures="0" tests="1" name="com.harshainfotech.TestNGdemo2" time="0.481" errors="0" timestamp="15 May 2024 13:59:51 GMT">
  <testcase classname="com.harshainfotech.TestNGdemo2" name="registration" time="0.481"/>
</testsuite> <!-- com.harshainfotech.TestNGdemo2 -->
